<?xml version="1.0" encoding="UTF-8"?>
<testng-results ignored="0" total="1" passed="1" failed="0" skipped="0">
  <reporter-output>
  </reporter-output>
  <suite started-at="2025-04-15T07:47:20 IST" name="Suite" finished-at="2025-04-15T07:47:44 IST" duration-ms="23628">
    <groups>
    </groups>
    <test started-at="2025-04-15T07:47:20 IST" name="Test" finished-at="2025-04-15T07:47:44 IST" duration-ms="23628">
      <class name="Practice.AddLowestProductToCart">
        <test-method is-config="true" signature="bsConfig()[pri:0, instance:Practice.AddLowestProductToCart@544fa968]" started-at="2025-04-15T07:47:20 IST" name="bsConfig" finished-at="2025-04-15T07:47:20 IST" duration-ms="33" status="PASS">
          <reporter-output>
          </reporter-output>
        </test-method> <!-- bsConfig -->
        <test-method is-config="true" signature="bcConfig()[pri:0, instance:Practice.AddLowestProductToCart@544fa968]" started-at="2025-04-15T07:47:21 IST" name="bcConfig" finished-at="2025-04-15T07:47:36 IST" duration-ms="15624" status="PASS">
          <reporter-output>
          </reporter-output>
        </test-method> <!-- bcConfig -->
        <test-method is-config="true" signature="bmConfig()[pri:0, instance:Practice.AddLowestProductToCart@544fa968]" started-at="2025-04-15T07:47:36 IST" name="bmConfig" finished-at="2025-04-15T07:47:37 IST" duration-ms="903" status="PASS">
          <reporter-output>
          </reporter-output>
        </test-method> <!-- bmConfig -->
        <test-method signature="tc_001_AddProducttocart()[pri:0, instance:Practice.AddLowestProductToCart@544fa968]" started-at="2025-04-15T07:47:37 IST" name="tc_001_AddProducttocart" finished-at="2025-04-15T07:47:41 IST" duration-ms="3648" status="PASS">
          <reporter-output>
          </reporter-output>
        </test-method> <!-- tc_001_AddProducttocart -->
        <test-method is-config="true" signature="amConfig()[pri:0, instance:Practice.AddLowestProductToCart@544fa968]" started-at="2025-04-15T07:47:41 IST" name="amConfig" finished-at="2025-04-15T07:47:42 IST" duration-ms="589" status="PASS">
          <reporter-output>
          </reporter-output>
        </test-method> <!-- amConfig -->
        <test-method is-config="true" signature="acConfig()[pri:0, instance:Practice.AddLowestProductToCart@544fa968]" started-at="2025-04-15T07:47:42 IST" name="acConfig" finished-at="2025-04-15T07:47:44 IST" duration-ms="1921" status="PASS">
          <reporter-output>
          </reporter-output>
        </test-method> <!-- acConfig -->
        <test-method is-config="true" signature="asConfig()[pri:0, instance:Practice.AddLowestProductToCart@544fa968]" started-at="2025-04-15T07:47:45 IST" name="asConfig" finished-at="2025-04-15T07:47:45 IST" duration-ms="1" status="PASS">
          <reporter-output>
          </reporter-output>
        </test-method> <!-- asConfig -->
      </class> <!-- Practice.AddLowestProductToCart -->
    </test> <!-- Test -->
  </suite> <!-- Suite -->
</testng-results>
